2024-12-02 00:38:24,366 - INFO - Starting music genre classification training
2024-12-02 00:38:24,366 - INFO - Using device: cpu
2024-12-02 00:38:24,366 - INFO - Preparing data loaders...
2024-12-02 00:38:24,367 - ERROR - An error occurred: File music_genre_classification\data\lyrics.json does not exist
Traceback (most recent call last):
  File "E:\IUB\SEM_III\DLS\Final_Project\music_genre_classification\main.py", line 55, in main
    train_loader, val_loader, test_loader = prepare_data_loaders(
                                            ^^^^^^^^^^^^^^^^^^^^^
  File "E:\IUB\SEM_III\DLS\Final_Project\music_genre_classification\data_utils.py", line 241, in prepare_data_loaders
    dataset = MusicGenreDataset(audio_dir, lyrics_file)
              ^^^^^^^^^^^^^^^^^^^^^^^^^^^^^^^^^^^^^^^^^
  File "E:\IUB\SEM_III\DLS\Final_Project\music_genre_classification\data_utils.py", line 26, in __init__
    self.data = pd.read_json(lyrics_file)
                ^^^^^^^^^^^^^^^^^^^^^^^^^
  File "C:\Users\Manav\AppData\Local\Programs\Python\Python312\Lib\site-packages\pandas\io\json\_json.py", line 791, in read_json
    json_reader = JsonReader(
                  ^^^^^^^^^^^
  File "C:\Users\Manav\AppData\Local\Programs\Python\Python312\Lib\site-packages\pandas\io\json\_json.py", line 904, in __init__
    data = self._get_data_from_filepath(filepath_or_buffer)
           ^^^^^^^^^^^^^^^^^^^^^^^^^^^^^^^^^^^^^^^^^^^^^^^^
  File "C:\Users\Manav\AppData\Local\Programs\Python\Python312\Lib\site-packages\pandas\io\json\_json.py", line 960, in _get_data_from_filepath
    raise FileNotFoundError(f"File {filepath_or_buffer} does not exist")
FileNotFoundError: File music_genre_classification\data\lyrics.json does not exist
